<?xml version="1.0" encoding="UTF-8"?>
<testsuite xmlns:xsi="http://www.w3.org/2001/XMLSchema-instance" xsi:noNamespaceSchemaLocation="https://maven.apache.org/surefire/maven-surefire-plugin/xsd/surefire-test-report-3.0.xsd" version="3.0" name="com.picobase.core.logic.FieldsFilterProcessorTest" time="0.115" tests="13" errors="0" skipped="0" failures="0">
  <properties>
    <property name="java.specification.version" value="17"/>
    <property name="sun.cpu.isalist" value="amd64"/>
    <property name="sun.jnu.encoding" value="GBK"/>
    <property name="java.class.path" value="D:\workplace\picobase\picobase-test\target\test-classes;D:\workplace\picobase\picobase-test\target\classes;D:\workplace\picobase\picobase-spring-boot-starter\target\picobase-spring-boot-starter-0.0.1.jar;D:\maven\apache-maven-3.9.6-bin\repository\org\springframework\boot\spring-boot-starter-web\2.5.15\spring-boot-starter-web-2.5.15.jar;D:\maven\apache-maven-3.9.6-bin\repository\org\springframework\boot\spring-boot-starter-json\2.5.15\spring-boot-starter-json-2.5.15.jar;D:\maven\apache-maven-3.9.6-bin\repository\com\fasterxml\jackson\datatype\jackson-datatype-jdk8\2.12.7\jackson-datatype-jdk8-2.12.7.jar;D:\maven\apache-maven-3.9.6-bin\repository\com\fasterxml\jackson\module\jackson-module-parameter-names\2.12.7\jackson-module-parameter-names-2.12.7.jar;D:\maven\apache-maven-3.9.6-bin\repository\org\springframework\boot\spring-boot-starter-tomcat\2.5.15\spring-boot-starter-tomcat-2.5.15.jar;D:\maven\apache-maven-3.9.6-bin\repository\org\apache\tomcat\embed\tomcat-embed-core\9.0.75\tomcat-embed-core-9.0.75.jar;D:\maven\apache-maven-3.9.6-bin\repository\org\apache\tomcat\embed\tomcat-embed-el\9.0.75\tomcat-embed-el-9.0.75.jar;D:\maven\apache-maven-3.9.6-bin\repository\org\apache\tomcat\embed\tomcat-embed-websocket\9.0.75\tomcat-embed-websocket-9.0.75.jar;D:\maven\apache-maven-3.9.6-bin\repository\org\springframework\spring-web\5.3.27\spring-web-5.3.27.jar;D:\maven\apache-maven-3.9.6-bin\repository\org\springframework\spring-webmvc\5.3.27\spring-webmvc-5.3.27.jar;D:\maven\apache-maven-3.9.6-bin\repository\org\springframework\spring-aop\5.3.27\spring-aop-5.3.27.jar;D:\maven\apache-maven-3.9.6-bin\repository\org\springframework\spring-context\5.3.27\spring-context-5.3.27.jar;D:\maven\apache-maven-3.9.6-bin\repository\org\springframework\spring-expression\5.3.27\spring-expression-5.3.27.jar;D:\workplace\picobase\picobase-servlet\target\picobase-servlet-0.0.1.jar;D:\workplace\picobase\picobase-core\target\picobase-core-0.0.1.jar;D:\maven\apache-maven-3.9.6-bin\repository\cn\hutool\hutool-core\5.8.27\hutool-core-5.8.27.jar;D:\workplace\picobase\picobase-spring-boot-autoconfig\target\picobase-spring-boot-autoconfig-0.0.1.jar;D:\maven\apache-maven-3.9.6-bin\repository\org\springframework\boot\spring-boot-starter-jdbc\2.5.15\spring-boot-starter-jdbc-2.5.15.jar;D:\maven\apache-maven-3.9.6-bin\repository\org\springframework\boot\spring-boot-starter\2.5.15\spring-boot-starter-2.5.15.jar;D:\maven\apache-maven-3.9.6-bin\repository\org\springframework\boot\spring-boot\2.5.15\spring-boot-2.5.15.jar;D:\maven\apache-maven-3.9.6-bin\repository\org\springframework\boot\spring-boot-autoconfigure\2.5.15\spring-boot-autoconfigure-2.5.15.jar;D:\maven\apache-maven-3.9.6-bin\repository\org\springframework\boot\spring-boot-starter-logging\2.5.15\spring-boot-starter-logging-2.5.15.jar;D:\maven\apache-maven-3.9.6-bin\repository\ch\qos\logback\logback-classic\1.2.12\logback-classic-1.2.12.jar;D:\maven\apache-maven-3.9.6-bin\repository\ch\qos\logback\logback-core\1.2.12\logback-core-1.2.12.jar;D:\maven\apache-maven-3.9.6-bin\repository\org\apache\logging\log4j\log4j-to-slf4j\2.17.2\log4j-to-slf4j-2.17.2.jar;D:\maven\apache-maven-3.9.6-bin\repository\org\apache\logging\log4j\log4j-api\2.17.2\log4j-api-2.17.2.jar;D:\maven\apache-maven-3.9.6-bin\repository\org\slf4j\jul-to-slf4j\1.7.36\jul-to-slf4j-1.7.36.jar;D:\maven\apache-maven-3.9.6-bin\repository\jakarta\annotation\jakarta.annotation-api\1.3.5\jakarta.annotation-api-1.3.5.jar;D:\maven\apache-maven-3.9.6-bin\repository\org\yaml\snakeyaml\1.28\snakeyaml-1.28.jar;D:\maven\apache-maven-3.9.6-bin\repository\com\zaxxer\HikariCP\4.0.3\HikariCP-4.0.3.jar;D:\maven\apache-maven-3.9.6-bin\repository\org\springframework\spring-jdbc\5.3.27\spring-jdbc-5.3.27.jar;D:\maven\apache-maven-3.9.6-bin\repository\org\springframework\spring-beans\5.3.27\spring-beans-5.3.27.jar;D:\maven\apache-maven-3.9.6-bin\repository\org\springframework\spring-tx\5.3.27\spring-tx-5.3.27.jar;D:\maven\apache-maven-3.9.6-bin\repository\com\mysql\mysql-connector-j\8.2.0\mysql-connector-j-8.2.0.jar;D:\maven\apache-maven-3.9.6-bin\repository\com\google\protobuf\protobuf-java\3.21.9\protobuf-java-3.21.9.jar;D:\maven\apache-maven-3.9.6-bin\repository\org\springframework\boot\spring-boot-starter-test\2.5.15\spring-boot-starter-test-2.5.15.jar;D:\maven\apache-maven-3.9.6-bin\repository\org\springframework\boot\spring-boot-test\2.5.15\spring-boot-test-2.5.15.jar;D:\maven\apache-maven-3.9.6-bin\repository\org\springframework\boot\spring-boot-test-autoconfigure\2.5.15\spring-boot-test-autoconfigure-2.5.15.jar;D:\maven\apache-maven-3.9.6-bin\repository\com\jayway\jsonpath\json-path\2.5.0\json-path-2.5.0.jar;D:\maven\apache-maven-3.9.6-bin\repository\net\minidev\json-smart\2.3\json-smart-2.3.jar;D:\maven\apache-maven-3.9.6-bin\repository\net\minidev\accessors-smart\1.2\accessors-smart-1.2.jar;D:\maven\apache-maven-3.9.6-bin\repository\org\ow2\asm\asm\5.0.4\asm-5.0.4.jar;D:\maven\apache-maven-3.9.6-bin\repository\org\slf4j\slf4j-api\1.7.30\slf4j-api-1.7.30.jar;D:\maven\apache-maven-3.9.6-bin\repository\jakarta\xml\bind\jakarta.xml.bind-api\2.3.3\jakarta.xml.bind-api-2.3.3.jar;D:\maven\apache-maven-3.9.6-bin\repository\jakarta\activation\jakarta.activation-api\1.2.2\jakarta.activation-api-1.2.2.jar;D:\maven\apache-maven-3.9.6-bin\repository\org\assertj\assertj-core\3.19.0\assertj-core-3.19.0.jar;D:\maven\apache-maven-3.9.6-bin\repository\org\hamcrest\hamcrest\2.2\hamcrest-2.2.jar;D:\maven\apache-maven-3.9.6-bin\repository\org\junit\jupiter\junit-jupiter\5.7.2\junit-jupiter-5.7.2.jar;D:\maven\apache-maven-3.9.6-bin\repository\org\junit\jupiter\junit-jupiter-api\5.7.2\junit-jupiter-api-5.7.2.jar;D:\maven\apache-maven-3.9.6-bin\repository\org\apiguardian\apiguardian-api\1.1.0\apiguardian-api-1.1.0.jar;D:\maven\apache-maven-3.9.6-bin\repository\org\opentest4j\opentest4j\1.2.0\opentest4j-1.2.0.jar;D:\maven\apache-maven-3.9.6-bin\repository\org\junit\platform\junit-platform-commons\1.7.2\junit-platform-commons-1.7.2.jar;D:\maven\apache-maven-3.9.6-bin\repository\org\junit\jupiter\junit-jupiter-params\5.7.2\junit-jupiter-params-5.7.2.jar;D:\maven\apache-maven-3.9.6-bin\repository\org\junit\jupiter\junit-jupiter-engine\5.7.2\junit-jupiter-engine-5.7.2.jar;D:\maven\apache-maven-3.9.6-bin\repository\org\junit\platform\junit-platform-engine\1.7.2\junit-platform-engine-1.7.2.jar;D:\maven\apache-maven-3.9.6-bin\repository\org\mockito\mockito-core\3.9.0\mockito-core-3.9.0.jar;D:\maven\apache-maven-3.9.6-bin\repository\net\bytebuddy\byte-buddy\1.10.20\byte-buddy-1.10.20.jar;D:\maven\apache-maven-3.9.6-bin\repository\net\bytebuddy\byte-buddy-agent\1.10.20\byte-buddy-agent-1.10.20.jar;D:\maven\apache-maven-3.9.6-bin\repository\org\objenesis\objenesis\3.2\objenesis-3.2.jar;D:\maven\apache-maven-3.9.6-bin\repository\org\mockito\mockito-junit-jupiter\3.9.0\mockito-junit-jupiter-3.9.0.jar;D:\maven\apache-maven-3.9.6-bin\repository\org\skyscreamer\jsonassert\1.5.1\jsonassert-1.5.1.jar;D:\maven\apache-maven-3.9.6-bin\repository\com\vaadin\external\google\android-json\0.0.20131108.vaadin1\android-json-0.0.20131108.vaadin1.jar;D:\maven\apache-maven-3.9.6-bin\repository\org\springframework\spring-core\5.3.27\spring-core-5.3.27.jar;D:\maven\apache-maven-3.9.6-bin\repository\org\springframework\spring-jcl\5.3.27\spring-jcl-5.3.27.jar;D:\maven\apache-maven-3.9.6-bin\repository\org\springframework\spring-test\5.3.27\spring-test-5.3.27.jar;D:\maven\apache-maven-3.9.6-bin\repository\org\xmlunit\xmlunit-core\2.8.4\xmlunit-core-2.8.4.jar;D:\maven\apache-maven-3.9.6-bin\repository\org\springframework\boot\spring-boot-configuration-processor\2.5.15\spring-boot-configuration-processor-2.5.15.jar;D:\maven\apache-maven-3.9.6-bin\repository\org\springframework\boot\spring-boot-starter-actuator\2.5.15\spring-boot-starter-actuator-2.5.15.jar;D:\maven\apache-maven-3.9.6-bin\repository\org\springframework\boot\spring-boot-actuator-autoconfigure\2.5.15\spring-boot-actuator-autoconfigure-2.5.15.jar;D:\maven\apache-maven-3.9.6-bin\repository\org\springframework\boot\spring-boot-actuator\2.5.15\spring-boot-actuator-2.5.15.jar;D:\maven\apache-maven-3.9.6-bin\repository\com\fasterxml\jackson\core\jackson-databind\2.13.4.1\jackson-databind-2.13.4.1.jar;D:\maven\apache-maven-3.9.6-bin\repository\com\fasterxml\jackson\core\jackson-annotations\2.13.4\jackson-annotations-2.13.4.jar;D:\maven\apache-maven-3.9.6-bin\repository\com\fasterxml\jackson\core\jackson-core\2.13.4\jackson-core-2.13.4.jar;D:\maven\apache-maven-3.9.6-bin\repository\com\fasterxml\jackson\datatype\jackson-datatype-jsr310\2.12.7\jackson-datatype-jsr310-2.12.7.jar;D:\maven\apache-maven-3.9.6-bin\repository\io\micrometer\micrometer-core\1.7.12\micrometer-core-1.7.12.jar;D:\maven\apache-maven-3.9.6-bin\repository\org\hdrhistogram\HdrHistogram\2.1.12\HdrHistogram-2.1.12.jar;D:\maven\apache-maven-3.9.6-bin\repository\org\latencyutils\LatencyUtils\2.0.3\LatencyUtils-2.0.3.jar;D:\workplace\picobase\picobase-console\target\picobase-console-0.0.1.jar;D:\workplace\picobase\picobase-plugin-jwt\target\picobase-plugin-jwt-0.0.1.jar;D:\maven\apache-maven-3.9.6-bin\repository\cn\hutool\hutool-jwt\5.8.27\hutool-jwt-5.8.27.jar;D:\maven\apache-maven-3.9.6-bin\repository\cn\hutool\hutool-json\5.8.27\hutool-json-5.8.27.jar;D:\maven\apache-maven-3.9.6-bin\repository\cn\hutool\hutool-crypto\5.8.27\hutool-crypto-5.8.27.jar;D:\maven\apache-maven-3.9.6-bin\repository\net\coobird\thumbnailator\0.4.20\thumbnailator-0.4.20.jar;D:\maven\apache-maven-3.9.6-bin\repository\com\amazonaws\aws-java-sdk-s3\1.12.267\aws-java-sdk-s3-1.12.267.jar;D:\maven\apache-maven-3.9.6-bin\repository\com\amazonaws\aws-java-sdk-kms\1.12.267\aws-java-sdk-kms-1.12.267.jar;D:\maven\apache-maven-3.9.6-bin\repository\com\amazonaws\aws-java-sdk-core\1.12.267\aws-java-sdk-core-1.12.267.jar;D:\maven\apache-maven-3.9.6-bin\repository\commons-logging\commons-logging\1.1.3\commons-logging-1.1.3.jar;D:\maven\apache-maven-3.9.6-bin\repository\commons-codec\commons-codec\1.15\commons-codec-1.15.jar;D:\maven\apache-maven-3.9.6-bin\repository\org\apache\httpcomponents\httpclient\4.5.13\httpclient-4.5.13.jar;D:\maven\apache-maven-3.9.6-bin\repository\org\apache\httpcomponents\httpcore\4.4.13\httpcore-4.4.13.jar;D:\maven\apache-maven-3.9.6-bin\repository\software\amazon\ion\ion-java\1.0.2\ion-java-1.0.2.jar;D:\maven\apache-maven-3.9.6-bin\repository\com\fasterxml\jackson\dataformat\jackson-dataformat-cbor\2.12.6\jackson-dataformat-cbor-2.12.6.jar;D:\maven\apache-maven-3.9.6-bin\repository\joda-time\joda-time\2.8.1\joda-time-2.8.1.jar;D:\maven\apache-maven-3.9.6-bin\repository\com\amazonaws\jmespath-java\1.12.267\jmespath-java-1.12.267.jar;D:\maven\apache-maven-3.9.6-bin\repository\org\javassist\javassist\3.29.2-GA\javassist-3.29.2-GA.jar;"/>
    <property name="java.vm.vendor" value="Oracle Corporation"/>
    <property name="sun.arch.data.model" value="64"/>
    <property name="user.variant" value=""/>
    <property name="java.vendor.url" value="https://java.oracle.com/"/>
    <property name="user.timezone" value="Asia/Shanghai"/>
    <property name="os.name" value="Windows 10"/>
    <property name="java.vm.specification.version" value="17"/>
    <property name="sun.java.launcher" value="SUN_STANDARD"/>
    <property name="user.country" value="CN"/>
    <property name="sun.boot.library.path" value="C:\Program Files\Java\jdk-17.0.5\bin"/>
    <property name="sun.java.command" value="C:\Users\dingfeiyang\AppData\Local\Temp\surefire11306603795645376376\surefirebooter-20240805151857383_3.jar C:\Users\dingfeiyang\AppData\Local\Temp\surefire11306603795645376376 2024-08-05T15-18-43_294-jvmRun1 surefire-20240805151857383_1tmp surefire_0-20240805151857383_2tmp"/>
    <property name="jdk.debug" value="release"/>
    <property name="surefire.test.class.path" value="D:\workplace\picobase\picobase-test\target\test-classes;D:\workplace\picobase\picobase-test\target\classes;D:\workplace\picobase\picobase-spring-boot-starter\target\picobase-spring-boot-starter-0.0.1.jar;D:\maven\apache-maven-3.9.6-bin\repository\org\springframework\boot\spring-boot-starter-web\2.5.15\spring-boot-starter-web-2.5.15.jar;D:\maven\apache-maven-3.9.6-bin\repository\org\springframework\boot\spring-boot-starter-json\2.5.15\spring-boot-starter-json-2.5.15.jar;D:\maven\apache-maven-3.9.6-bin\repository\com\fasterxml\jackson\datatype\jackson-datatype-jdk8\2.12.7\jackson-datatype-jdk8-2.12.7.jar;D:\maven\apache-maven-3.9.6-bin\repository\com\fasterxml\jackson\module\jackson-module-parameter-names\2.12.7\jackson-module-parameter-names-2.12.7.jar;D:\maven\apache-maven-3.9.6-bin\repository\org\springframework\boot\spring-boot-starter-tomcat\2.5.15\spring-boot-starter-tomcat-2.5.15.jar;D:\maven\apache-maven-3.9.6-bin\repository\org\apache\tomcat\embed\tomcat-embed-core\9.0.75\tomcat-embed-core-9.0.75.jar;D:\maven\apache-maven-3.9.6-bin\repository\org\apache\tomcat\embed\tomcat-embed-el\9.0.75\tomcat-embed-el-9.0.75.jar;D:\maven\apache-maven-3.9.6-bin\repository\org\apache\tomcat\embed\tomcat-embed-websocket\9.0.75\tomcat-embed-websocket-9.0.75.jar;D:\maven\apache-maven-3.9.6-bin\repository\org\springframework\spring-web\5.3.27\spring-web-5.3.27.jar;D:\maven\apache-maven-3.9.6-bin\repository\org\springframework\spring-webmvc\5.3.27\spring-webmvc-5.3.27.jar;D:\maven\apache-maven-3.9.6-bin\repository\org\springframework\spring-aop\5.3.27\spring-aop-5.3.27.jar;D:\maven\apache-maven-3.9.6-bin\repository\org\springframework\spring-context\5.3.27\spring-context-5.3.27.jar;D:\maven\apache-maven-3.9.6-bin\repository\org\springframework\spring-expression\5.3.27\spring-expression-5.3.27.jar;D:\workplace\picobase\picobase-servlet\target\picobase-servlet-0.0.1.jar;D:\workplace\picobase\picobase-core\target\picobase-core-0.0.1.jar;D:\maven\apache-maven-3.9.6-bin\repository\cn\hutool\hutool-core\5.8.27\hutool-core-5.8.27.jar;D:\workplace\picobase\picobase-spring-boot-autoconfig\target\picobase-spring-boot-autoconfig-0.0.1.jar;D:\maven\apache-maven-3.9.6-bin\repository\org\springframework\boot\spring-boot-starter-jdbc\2.5.15\spring-boot-starter-jdbc-2.5.15.jar;D:\maven\apache-maven-3.9.6-bin\repository\org\springframework\boot\spring-boot-starter\2.5.15\spring-boot-starter-2.5.15.jar;D:\maven\apache-maven-3.9.6-bin\repository\org\springframework\boot\spring-boot\2.5.15\spring-boot-2.5.15.jar;D:\maven\apache-maven-3.9.6-bin\repository\org\springframework\boot\spring-boot-autoconfigure\2.5.15\spring-boot-autoconfigure-2.5.15.jar;D:\maven\apache-maven-3.9.6-bin\repository\org\springframework\boot\spring-boot-starter-logging\2.5.15\spring-boot-starter-logging-2.5.15.jar;D:\maven\apache-maven-3.9.6-bin\repository\ch\qos\logback\logback-classic\1.2.12\logback-classic-1.2.12.jar;D:\maven\apache-maven-3.9.6-bin\repository\ch\qos\logback\logback-core\1.2.12\logback-core-1.2.12.jar;D:\maven\apache-maven-3.9.6-bin\repository\org\apache\logging\log4j\log4j-to-slf4j\2.17.2\log4j-to-slf4j-2.17.2.jar;D:\maven\apache-maven-3.9.6-bin\repository\org\apache\logging\log4j\log4j-api\2.17.2\log4j-api-2.17.2.jar;D:\maven\apache-maven-3.9.6-bin\repository\org\slf4j\jul-to-slf4j\1.7.36\jul-to-slf4j-1.7.36.jar;D:\maven\apache-maven-3.9.6-bin\repository\jakarta\annotation\jakarta.annotation-api\1.3.5\jakarta.annotation-api-1.3.5.jar;D:\maven\apache-maven-3.9.6-bin\repository\org\yaml\snakeyaml\1.28\snakeyaml-1.28.jar;D:\maven\apache-maven-3.9.6-bin\repository\com\zaxxer\HikariCP\4.0.3\HikariCP-4.0.3.jar;D:\maven\apache-maven-3.9.6-bin\repository\org\springframework\spring-jdbc\5.3.27\spring-jdbc-5.3.27.jar;D:\maven\apache-maven-3.9.6-bin\repository\org\springframework\spring-beans\5.3.27\spring-beans-5.3.27.jar;D:\maven\apache-maven-3.9.6-bin\repository\org\springframework\spring-tx\5.3.27\spring-tx-5.3.27.jar;D:\maven\apache-maven-3.9.6-bin\repository\com\mysql\mysql-connector-j\8.2.0\mysql-connector-j-8.2.0.jar;D:\maven\apache-maven-3.9.6-bin\repository\com\google\protobuf\protobuf-java\3.21.9\protobuf-java-3.21.9.jar;D:\maven\apache-maven-3.9.6-bin\repository\org\springframework\boot\spring-boot-starter-test\2.5.15\spring-boot-starter-test-2.5.15.jar;D:\maven\apache-maven-3.9.6-bin\repository\org\springframework\boot\spring-boot-test\2.5.15\spring-boot-test-2.5.15.jar;D:\maven\apache-maven-3.9.6-bin\repository\org\springframework\boot\spring-boot-test-autoconfigure\2.5.15\spring-boot-test-autoconfigure-2.5.15.jar;D:\maven\apache-maven-3.9.6-bin\repository\com\jayway\jsonpath\json-path\2.5.0\json-path-2.5.0.jar;D:\maven\apache-maven-3.9.6-bin\repository\net\minidev\json-smart\2.3\json-smart-2.3.jar;D:\maven\apache-maven-3.9.6-bin\repository\net\minidev\accessors-smart\1.2\accessors-smart-1.2.jar;D:\maven\apache-maven-3.9.6-bin\repository\org\ow2\asm\asm\5.0.4\asm-5.0.4.jar;D:\maven\apache-maven-3.9.6-bin\repository\org\slf4j\slf4j-api\1.7.30\slf4j-api-1.7.30.jar;D:\maven\apache-maven-3.9.6-bin\repository\jakarta\xml\bind\jakarta.xml.bind-api\2.3.3\jakarta.xml.bind-api-2.3.3.jar;D:\maven\apache-maven-3.9.6-bin\repository\jakarta\activation\jakarta.activation-api\1.2.2\jakarta.activation-api-1.2.2.jar;D:\maven\apache-maven-3.9.6-bin\repository\org\assertj\assertj-core\3.19.0\assertj-core-3.19.0.jar;D:\maven\apache-maven-3.9.6-bin\repository\org\hamcrest\hamcrest\2.2\hamcrest-2.2.jar;D:\maven\apache-maven-3.9.6-bin\repository\org\junit\jupiter\junit-jupiter\5.7.2\junit-jupiter-5.7.2.jar;D:\maven\apache-maven-3.9.6-bin\repository\org\junit\jupiter\junit-jupiter-api\5.7.2\junit-jupiter-api-5.7.2.jar;D:\maven\apache-maven-3.9.6-bin\repository\org\apiguardian\apiguardian-api\1.1.0\apiguardian-api-1.1.0.jar;D:\maven\apache-maven-3.9.6-bin\repository\org\opentest4j\opentest4j\1.2.0\opentest4j-1.2.0.jar;D:\maven\apache-maven-3.9.6-bin\repository\org\junit\platform\junit-platform-commons\1.7.2\junit-platform-commons-1.7.2.jar;D:\maven\apache-maven-3.9.6-bin\repository\org\junit\jupiter\junit-jupiter-params\5.7.2\junit-jupiter-params-5.7.2.jar;D:\maven\apache-maven-3.9.6-bin\repository\org\junit\jupiter\junit-jupiter-engine\5.7.2\junit-jupiter-engine-5.7.2.jar;D:\maven\apache-maven-3.9.6-bin\repository\org\junit\platform\junit-platform-engine\1.7.2\junit-platform-engine-1.7.2.jar;D:\maven\apache-maven-3.9.6-bin\repository\org\mockito\mockito-core\3.9.0\mockito-core-3.9.0.jar;D:\maven\apache-maven-3.9.6-bin\repository\net\bytebuddy\byte-buddy\1.10.20\byte-buddy-1.10.20.jar;D:\maven\apache-maven-3.9.6-bin\repository\net\bytebuddy\byte-buddy-agent\1.10.20\byte-buddy-agent-1.10.20.jar;D:\maven\apache-maven-3.9.6-bin\repository\org\objenesis\objenesis\3.2\objenesis-3.2.jar;D:\maven\apache-maven-3.9.6-bin\repository\org\mockito\mockito-junit-jupiter\3.9.0\mockito-junit-jupiter-3.9.0.jar;D:\maven\apache-maven-3.9.6-bin\repository\org\skyscreamer\jsonassert\1.5.1\jsonassert-1.5.1.jar;D:\maven\apache-maven-3.9.6-bin\repository\com\vaadin\external\google\android-json\0.0.20131108.vaadin1\android-json-0.0.20131108.vaadin1.jar;D:\maven\apache-maven-3.9.6-bin\repository\org\springframework\spring-core\5.3.27\spring-core-5.3.27.jar;D:\maven\apache-maven-3.9.6-bin\repository\org\springframework\spring-jcl\5.3.27\spring-jcl-5.3.27.jar;D:\maven\apache-maven-3.9.6-bin\repository\org\springframework\spring-test\5.3.27\spring-test-5.3.27.jar;D:\maven\apache-maven-3.9.6-bin\repository\org\xmlunit\xmlunit-core\2.8.4\xmlunit-core-2.8.4.jar;D:\maven\apache-maven-3.9.6-bin\repository\org\springframework\boot\spring-boot-configuration-processor\2.5.15\spring-boot-configuration-processor-2.5.15.jar;D:\maven\apache-maven-3.9.6-bin\repository\org\springframework\boot\spring-boot-starter-actuator\2.5.15\spring-boot-starter-actuator-2.5.15.jar;D:\maven\apache-maven-3.9.6-bin\repository\org\springframework\boot\spring-boot-actuator-autoconfigure\2.5.15\spring-boot-actuator-autoconfigure-2.5.15.jar;D:\maven\apache-maven-3.9.6-bin\repository\org\springframework\boot\spring-boot-actuator\2.5.15\spring-boot-actuator-2.5.15.jar;D:\maven\apache-maven-3.9.6-bin\repository\com\fasterxml\jackson\core\jackson-databind\2.13.4.1\jackson-databind-2.13.4.1.jar;D:\maven\apache-maven-3.9.6-bin\repository\com\fasterxml\jackson\core\jackson-annotations\2.13.4\jackson-annotations-2.13.4.jar;D:\maven\apache-maven-3.9.6-bin\repository\com\fasterxml\jackson\core\jackson-core\2.13.4\jackson-core-2.13.4.jar;D:\maven\apache-maven-3.9.6-bin\repository\com\fasterxml\jackson\datatype\jackson-datatype-jsr310\2.12.7\jackson-datatype-jsr310-2.12.7.jar;D:\maven\apache-maven-3.9.6-bin\repository\io\micrometer\micrometer-core\1.7.12\micrometer-core-1.7.12.jar;D:\maven\apache-maven-3.9.6-bin\repository\org\hdrhistogram\HdrHistogram\2.1.12\HdrHistogram-2.1.12.jar;D:\maven\apache-maven-3.9.6-bin\repository\org\latencyutils\LatencyUtils\2.0.3\LatencyUtils-2.0.3.jar;D:\workplace\picobase\picobase-console\target\picobase-console-0.0.1.jar;D:\workplace\picobase\picobase-plugin-jwt\target\picobase-plugin-jwt-0.0.1.jar;D:\maven\apache-maven-3.9.6-bin\repository\cn\hutool\hutool-jwt\5.8.27\hutool-jwt-5.8.27.jar;D:\maven\apache-maven-3.9.6-bin\repository\cn\hutool\hutool-json\5.8.27\hutool-json-5.8.27.jar;D:\maven\apache-maven-3.9.6-bin\repository\cn\hutool\hutool-crypto\5.8.27\hutool-crypto-5.8.27.jar;D:\maven\apache-maven-3.9.6-bin\repository\net\coobird\thumbnailator\0.4.20\thumbnailator-0.4.20.jar;D:\maven\apache-maven-3.9.6-bin\repository\com\amazonaws\aws-java-sdk-s3\1.12.267\aws-java-sdk-s3-1.12.267.jar;D:\maven\apache-maven-3.9.6-bin\repository\com\amazonaws\aws-java-sdk-kms\1.12.267\aws-java-sdk-kms-1.12.267.jar;D:\maven\apache-maven-3.9.6-bin\repository\com\amazonaws\aws-java-sdk-core\1.12.267\aws-java-sdk-core-1.12.267.jar;D:\maven\apache-maven-3.9.6-bin\repository\commons-logging\commons-logging\1.1.3\commons-logging-1.1.3.jar;D:\maven\apache-maven-3.9.6-bin\repository\commons-codec\commons-codec\1.15\commons-codec-1.15.jar;D:\maven\apache-maven-3.9.6-bin\repository\org\apache\httpcomponents\httpclient\4.5.13\httpclient-4.5.13.jar;D:\maven\apache-maven-3.9.6-bin\repository\org\apache\httpcomponents\httpcore\4.4.13\httpcore-4.4.13.jar;D:\maven\apache-maven-3.9.6-bin\repository\software\amazon\ion\ion-java\1.0.2\ion-java-1.0.2.jar;D:\maven\apache-maven-3.9.6-bin\repository\com\fasterxml\jackson\dataformat\jackson-dataformat-cbor\2.12.6\jackson-dataformat-cbor-2.12.6.jar;D:\maven\apache-maven-3.9.6-bin\repository\joda-time\joda-time\2.8.1\joda-time-2.8.1.jar;D:\maven\apache-maven-3.9.6-bin\repository\com\amazonaws\jmespath-java\1.12.267\jmespath-java-1.12.267.jar;D:\maven\apache-maven-3.9.6-bin\repository\org\javassist\javassist\3.29.2-GA\javassist-3.29.2-GA.jar;"/>
    <property name="sun.cpu.endian" value="little"/>
    <property name="user.home" value="C:\Users\dingfeiyang"/>
    <property name="user.language" value="zh"/>
    <property name="java.specification.vendor" value="Oracle Corporation"/>
    <property name="java.version.date" value="2022-10-18"/>
    <property name="java.home" value="C:\Program Files\Java\jdk-17.0.5"/>
    <property name="file.separator" value="\"/>
    <property name="basedir" value="D:\workplace\picobase\picobase-test"/>
    <property name="java.vm.compressedOopsMode" value="Zero based"/>
    <property name="line.separator" value="&#10;"/>
    <property name="java.vm.specification.vendor" value="Oracle Corporation"/>
    <property name="java.specification.name" value="Java Platform API Specification"/>
    <property name="FILE_LOG_CHARSET" value="GBK"/>
    <property name="java.awt.headless" value="true"/>
    <property name="surefire.real.class.path" value="C:\Users\dingfeiyang\AppData\Local\Temp\surefire11306603795645376376\surefirebooter-20240805151857383_3.jar"/>
    <property name="user.script" value=""/>
    <property name="sun.management.compiler" value="HotSpot 64-Bit Tiered Compilers"/>
    <property name="java.runtime.version" value="17.0.5+9-LTS-191"/>
    <property name="user.name" value="dingfeiyang"/>
    <property name="path.separator" value=";"/>
    <property name="os.version" value="10.0"/>
    <property name="java.runtime.name" value="Java(TM) SE Runtime Environment"/>
    <property name="file.encoding" value="GBK"/>
    <property name="spring.beaninfo.ignore" value="true"/>
    <property name="java.vm.name" value="Java HotSpot(TM) 64-Bit Server VM"/>
    <property name="localRepository" value="D:\maven\apache-maven-3.9.6-bin\repository"/>
    <property name="java.vendor.url.bug" value="https://bugreport.java.com/bugreport/"/>
    <property name="java.io.tmpdir" value="C:\Users\DINGFE~1\AppData\Local\Temp\"/>
    <property name="idea.version" value="2023.2.1"/>
    <property name="java.version" value="17.0.5"/>
    <property name="user.dir" value="D:\workplace\picobase\picobase-test"/>
    <property name="os.arch" value="amd64"/>
    <property name="java.vm.specification.name" value="Java Virtual Machine Specification"/>
    <property name="PID" value="22748"/>
    <property name="sun.os.patch.level" value=""/>
    <property name="CONSOLE_LOG_CHARSET" value="GBK"/>
    <property name="native.encoding" value="GBK"/>
    <property name="java.library.path" value="C:\Program Files\Java\jdk-17.0.5\bin;C:\windows\Sun\Java\bin;C:\windows\system32;C:\windows;C:\Program Files (x86)\Common Files\Oracle\Java\javapath;C:\Program Files\Common Files\Oracle\Java\javapath;C:\windows\system32;C:\windows;C:\windows\System32\Wbem;C:\windows\System32\WindowsPowerShell\v1.0\;C:\windows\System32\OpenSSH\;C:\Program Files\TortoiseGit\bin;C:\Program Files\Git\cmd;D:\maven\apache-maven-3.9.6-bin\apache-maven-3.9.6\bin;C:\Users\dingfeiyang\AppData\Local\Microsoft\WindowsApps;;."/>
    <property name="java.vm.info" value="mixed mode, sharing"/>
    <property name="java.vendor" value="Oracle Corporation"/>
    <property name="java.vm.version" value="17.0.5+9-LTS-191"/>
    <property name="sun.io.unicode.encoding" value="UnicodeLittle"/>
    <property name="java.class.version" value="61.0"/>
  </properties>
  <testcase name="testPickFields(String, Object, String, boolean, String)[1]" classname="com.picobase.core.logic.FieldsFilterProcessorTest" time="0.045">
    <system-out><![CDATA[解析后的值 : {"a":1,"c":"test","b":2}
]]></system-out>
  </testcase>
  <testcase name="testPickFields(String, Object, String, boolean, String)[2]" classname="com.picobase.core.logic.FieldsFilterProcessorTest" time="0.004">
    <system-out><![CDATA[解析后的值 : {}
]]></system-out>
  </testcase>
  <testcase name="testPickFields(String, Object, String, boolean, String)[3]" classname="com.picobase.core.logic.FieldsFilterProcessorTest" time="0.001">
    <system-out><![CDATA[解析后的值 : test
]]></system-out>
  </testcase>
  <testcase name="testPickFields(String, Object, String, boolean, String)[4]" classname="com.picobase.core.logic.FieldsFilterProcessorTest" time="0.006">
    <system-out><![CDATA[解析后的值 : ["a","b","test"]
]]></system-out>
  </testcase>
  <testcase name="testPickFields(String, Object, String, boolean, String)[5]" classname="com.picobase.core.logic.FieldsFilterProcessorTest" time="0.001">
    <system-out><![CDATA[解析后的值 : {}
]]></system-out>
  </testcase>
  <testcase name="testPickFields(String, Object, String, boolean, String)[6]" classname="com.picobase.core.logic.FieldsFilterProcessorTest" time="0.001">
    <system-out><![CDATA[解析后的值 : {"a":1,"c":"test"}
]]></system-out>
  </testcase>
  <testcase name="testPickFields(String, Object, String, boolean, String)[7]" classname="com.picobase.core.logic.FieldsFilterProcessorTest" time="0.001">
    <system-out><![CDATA[解析后的值 : [{"a":11,"c":"test1"},{"a":22,"c":"test2"}]
]]></system-out>
  </testcase>
  <testcase name="testPickFields(String, Object, String, boolean, String)[8]" classname="com.picobase.core.logic.FieldsFilterProcessorTest" time="0.002">
    <system-out><![CDATA[解析后的值 : {"a":1,"c":"test","anySlice":[{"A":[1,2,3],"D":{"DA":1,"DB":2}},{"A":"test"}],"mapSlice":[{"C":"test","D":[{"DA":1}]},{"D":[{"DA":2},{"DA":3},{}]}],"fullMap":[{"A":[1,2,3],"B":["1","2",3],"C":"test"},{"B":["1","2",3],"D":[{"DA":2},{"DA":3}]}]}
]]></system-out>
  </testcase>
  <testcase name="testPickFields(String, Object, String, boolean, String)[9]" classname="com.picobase.core.logic.FieldsFilterProcessorTest" time="0.002">
    <system-out><![CDATA[解析后的值 : {"rel":{"id":"456"},"id":"123","title":"lorem"}
]]></system-out>
  </testcase>
  <testcase name="testPickFields(String, Object, String, boolean, String)[10]" classname="com.picobase.core.logic.FieldsFilterProcessorTest" time="0.001">
    <system-out><![CDATA[解析后的值 : {"rel":{"sub":{"title":"sub_title","id":"789"},"id":"456","title":"rel_title"},"id":"123"}
]]></system-out>
  </testcase>
  <testcase name="testPickFields(String, Object, String, boolean, String)[11]" classname="com.picobase.core.logic.FieldsFilterProcessorTest" time="0.001">
    <system-out><![CDATA[解析后的值 : {"rel":{"sub":{"id":"789"},"id":"456","title":"rel_title"},"id":"123"}
]]></system-out>
  </testcase>
  <testcase name="testPickFields(String, Object, String, boolean, String)[12]" classname="com.picobase.core.logic.FieldsFilterProcessorTest" time="0.004">
    <system-err><![CDATA[com.picobase.exception.BadRequestException: max argument is required - expected (max, withEllipsis?)
	at com.picobase.logic.FieldModifier.newExcerptModifier(FieldModifier.java:24)
	at com.picobase.logic.FieldsFilterProcessor.initModifer(FieldsFilterProcessor.java:125)
	at com.picobase.logic.FieldsFilterProcessor.lambda$parseFields$3(FieldsFilterProcessor.java:104)
	at java.base/java.util.ArrayList.forEach(ArrayList.java:1511)
	at com.picobase.logic.FieldsFilterProcessor.parseFields(FieldsFilterProcessor.java:101)
	at com.picobase.logic.FieldsFilterProcessor.pickFields(FieldsFilterProcessor.java:13)
	at com.picobase.core.logic.FieldsFilterProcessorTest.testPickFields(FieldsFilterProcessorTest.java:175)
	at java.base/jdk.internal.reflect.NativeMethodAccessorImpl.invoke0(Native Method)
	at java.base/jdk.internal.reflect.NativeMethodAccessorImpl.invoke(NativeMethodAccessorImpl.java:77)
	at java.base/jdk.internal.reflect.DelegatingMethodAccessorImpl.invoke(DelegatingMethodAccessorImpl.java:43)
	at java.base/java.lang.reflect.Method.invoke(Method.java:568)
	at org.junit.platform.commons.util.ReflectionUtils.invokeMethod(ReflectionUtils.java:688)
	at org.junit.jupiter.engine.execution.MethodInvocation.proceed(MethodInvocation.java:60)
	at org.junit.jupiter.engine.execution.InvocationInterceptorChain$ValidatingInvocation.proceed(InvocationInterceptorChain.java:131)
	at org.junit.jupiter.engine.extension.TimeoutExtension.intercept(TimeoutExtension.java:149)
	at org.junit.jupiter.engine.extension.TimeoutExtension.interceptTestableMethod(TimeoutExtension.java:140)
	at org.junit.jupiter.engine.extension.TimeoutExtension.interceptTestTemplateMethod(TimeoutExtension.java:92)
	at org.junit.jupiter.engine.execution.ExecutableInvoker$ReflectiveInterceptorCall.lambda$ofVoidMethod$0(ExecutableInvoker.java:115)
	at org.junit.jupiter.engine.execution.ExecutableInvoker.lambda$invoke$0(ExecutableInvoker.java:105)
	at org.junit.jupiter.engine.execution.InvocationInterceptorChain$InterceptedInvocation.proceed(InvocationInterceptorChain.java:106)
	at org.junit.jupiter.engine.execution.InvocationInterceptorChain.proceed(InvocationInterceptorChain.java:64)
	at org.junit.jupiter.engine.execution.InvocationInterceptorChain.chainAndInvoke(InvocationInterceptorChain.java:45)
	at org.junit.jupiter.engine.execution.InvocationInterceptorChain.invoke(InvocationInterceptorChain.java:37)
	at org.junit.jupiter.engine.execution.ExecutableInvoker.invoke(ExecutableInvoker.java:104)
	at org.junit.jupiter.engine.execution.ExecutableInvoker.invoke(ExecutableInvoker.java:98)
	at org.junit.jupiter.engine.descriptor.TestMethodTestDescriptor.lambda$invokeTestMethod$6(TestMethodTestDescriptor.java:210)
	at org.junit.platform.engine.support.hierarchical.ThrowableCollector.execute(ThrowableCollector.java:73)
	at org.junit.jupiter.engine.descriptor.TestMethodTestDescriptor.invokeTestMethod(TestMethodTestDescriptor.java:206)
	at org.junit.jupiter.engine.descriptor.TestMethodTestDescriptor.execute(TestMethodTestDescriptor.java:131)
	at org.junit.jupiter.engine.descriptor.TestMethodTestDescriptor.execute(TestMethodTestDescriptor.java:65)
	at org.junit.platform.engine.support.hierarchical.NodeTestTask.lambda$executeRecursively$5(NodeTestTask.java:139)
	at org.junit.platform.engine.support.hierarchical.ThrowableCollector.execute(ThrowableCollector.java:73)
	at org.junit.platform.engine.support.hierarchical.NodeTestTask.lambda$executeRecursively$7(NodeTestTask.java:129)
	at org.junit.platform.engine.support.hierarchical.Node.around(Node.java:137)
	at org.junit.platform.engine.support.hierarchical.NodeTestTask.lambda$executeRecursively$8(NodeTestTask.java:127)
	at org.junit.platform.engine.support.hierarchical.ThrowableCollector.execute(ThrowableCollector.java:73)
	at org.junit.platform.engine.support.hierarchical.NodeTestTask.executeRecursively(NodeTestTask.java:126)
	at org.junit.platform.engine.support.hierarchical.NodeTestTask.execute(NodeTestTask.java:84)
	at org.junit.platform.engine.support.hierarchical.SameThreadHierarchicalTestExecutorService.submit(SameThreadHierarchicalTestExecutorService.java:32)
	at org.junit.platform.engine.support.hierarchical.NodeTestTask$DefaultDynamicTestExecutor.execute(NodeTestTask.java:212)
	at org.junit.platform.engine.support.hierarchical.NodeTestTask$DefaultDynamicTestExecutor.execute(NodeTestTask.java:192)
	at org.junit.jupiter.engine.descriptor.TestTemplateTestDescriptor.execute(TestTemplateTestDescriptor.java:139)
	at org.junit.jupiter.engine.descriptor.TestTemplateTestDescriptor.lambda$execute$2(TestTemplateTestDescriptor.java:107)
	at java.base/java.util.stream.ForEachOps$ForEachOp$OfRef.accept(ForEachOps.java:183)
	at java.base/java.util.stream.ReferencePipeline$3$1.accept(ReferencePipeline.java:197)
	at java.base/java.util.stream.ReferencePipeline$2$1.accept(ReferencePipeline.java:179)
	at java.base/java.util.stream.ReferencePipeline$3$1.accept(ReferencePipeline.java:197)
	at java.base/java.util.stream.ForEachOps$ForEachOp$OfRef.accept(ForEachOps.java:183)
	at java.base/java.util.stream.ReferencePipeline$15$1.accept(ReferencePipeline.java:541)
	at java.base/java.util.stream.ReferencePipeline$3$1.accept(ReferencePipeline.java:197)
	at java.base/java.util.stream.ReferencePipeline$3$1.accept(ReferencePipeline.java:197)
	at java.base/java.util.stream.ReferencePipeline$3$1.accept(ReferencePipeline.java:197)
	at java.base/java.util.stream.ForEachOps$ForEachOp$OfRef.accept(ForEachOps.java:183)
	at java.base/java.util.stream.ReferencePipeline$3$1.accept(ReferencePipeline.java:197)
	at java.base/java.util.Spliterators$ArraySpliterator.forEachRemaining(Spliterators.java:992)
	at java.base/java.util.stream.ReferencePipeline$Head.forEach(ReferencePipeline.java:762)
	at java.base/java.util.stream.ReferencePipeline$7$1.accept(ReferencePipeline.java:276)
	at java.base/java.util.stream.ReferencePipeline$3$1.accept(ReferencePipeline.java:197)
	at java.base/java.util.stream.ReferencePipeline$3$1.accept(ReferencePipeline.java:197)
	at java.base/java.util.Spliterators$ArraySpliterator.forEachRemaining(Spliterators.java:992)
	at java.base/java.util.stream.AbstractPipeline.copyInto(AbstractPipeline.java:509)
	at java.base/java.util.stream.AbstractPipeline.wrapAndCopyInto(AbstractPipeline.java:499)
	at java.base/java.util.stream.ForEachOps$ForEachOp.evaluateSequential(ForEachOps.java:150)
	at java.base/java.util.stream.ForEachOps$ForEachOp$OfRef.evaluateSequential(ForEachOps.java:173)
	at java.base/java.util.stream.AbstractPipeline.evaluate(AbstractPipeline.java:234)
	at java.base/java.util.stream.ReferencePipeline.forEach(ReferencePipeline.java:596)
	at java.base/java.util.stream.ReferencePipeline$7$1.accept(ReferencePipeline.java:276)
	at java.base/java.util.stream.ReferencePipeline$3$1.accept(ReferencePipeline.java:197)
	at java.base/java.util.stream.ReferencePipeline$3$1.accept(ReferencePipeline.java:197)
	at java.base/java.util.stream.ReferencePipeline$3$1.accept(ReferencePipeline.java:197)
	at java.base/java.util.ArrayList$ArrayListSpliterator.forEachRemaining(ArrayList.java:1625)
	at java.base/java.util.stream.AbstractPipeline.copyInto(AbstractPipeline.java:509)
	at java.base/java.util.stream.AbstractPipeline.wrapAndCopyInto(AbstractPipeline.java:499)
	at java.base/java.util.stream.ForEachOps$ForEachOp.evaluateSequential(ForEachOps.java:150)
	at java.base/java.util.stream.ForEachOps$ForEachOp$OfRef.evaluateSequential(ForEachOps.java:173)
	at java.base/java.util.stream.AbstractPipeline.evaluate(AbstractPipeline.java:234)
	at java.base/java.util.stream.ReferencePipeline.forEach(ReferencePipeline.java:596)
	at java.base/java.util.stream.ReferencePipeline$7$1.accept(ReferencePipeline.java:276)
	at java.base/java.util.ArrayList$ArrayListSpliterator.forEachRemaining(ArrayList.java:1625)
	at java.base/java.util.stream.AbstractPipeline.copyInto(AbstractPipeline.java:509)
	at java.base/java.util.stream.AbstractPipeline.wrapAndCopyInto(AbstractPipeline.java:499)
	at java.base/java.util.stream.ForEachOps$ForEachOp.evaluateSequential(ForEachOps.java:150)
	at java.base/java.util.stream.ForEachOps$ForEachOp$OfRef.evaluateSequential(ForEachOps.java:173)
	at java.base/java.util.stream.AbstractPipeline.evaluate(AbstractPipeline.java:234)
	at java.base/java.util.stream.ReferencePipeline.forEach(ReferencePipeline.java:596)
	at org.junit.jupiter.engine.descriptor.TestTemplateTestDescriptor.execute(TestTemplateTestDescriptor.java:107)
	at org.junit.jupiter.engine.descriptor.TestTemplateTestDescriptor.execute(TestTemplateTestDescriptor.java:42)
	at org.junit.platform.engine.support.hierarchical.NodeTestTask.lambda$executeRecursively$5(NodeTestTask.java:139)
	at org.junit.platform.engine.support.hierarchical.ThrowableCollector.execute(ThrowableCollector.java:73)
	at org.junit.platform.engine.support.hierarchical.NodeTestTask.lambda$executeRecursively$7(NodeTestTask.java:129)
	at org.junit.platform.engine.support.hierarchical.Node.around(Node.java:137)
	at org.junit.platform.engine.support.hierarchical.NodeTestTask.lambda$executeRecursively$8(NodeTestTask.java:127)
	at org.junit.platform.engine.support.hierarchical.ThrowableCollector.execute(ThrowableCollector.java:73)
	at org.junit.platform.engine.support.hierarchical.NodeTestTask.executeRecursively(NodeTestTask.java:126)
	at org.junit.platform.engine.support.hierarchical.NodeTestTask.execute(NodeTestTask.java:84)
	at java.base/java.util.ArrayList.forEach(ArrayList.java:1511)
	at org.junit.platform.engine.support.hierarchical.SameThreadHierarchicalTestExecutorService.invokeAll(SameThreadHierarchicalTestExecutorService.java:38)
	at org.junit.platform.engine.support.hierarchical.NodeTestTask.lambda$executeRecursively$5(NodeTestTask.java:143)
	at org.junit.platform.engine.support.hierarchical.ThrowableCollector.execute(ThrowableCollector.java:73)
	at org.junit.platform.engine.support.hierarchical.NodeTestTask.lambda$executeRecursively$7(NodeTestTask.java:129)
	at org.junit.platform.engine.support.hierarchical.Node.around(Node.java:137)
	at org.junit.platform.engine.support.hierarchical.NodeTestTask.lambda$executeRecursively$8(NodeTestTask.java:127)
	at org.junit.platform.engine.support.hierarchical.ThrowableCollector.execute(ThrowableCollector.java:73)
	at org.junit.platform.engine.support.hierarchical.NodeTestTask.executeRecursively(NodeTestTask.java:126)
	at org.junit.platform.engine.support.hierarchical.NodeTestTask.execute(NodeTestTask.java:84)
	at java.base/java.util.ArrayList.forEach(ArrayList.java:1511)
	at org.junit.platform.engine.support.hierarchical.SameThreadHierarchicalTestExecutorService.invokeAll(SameThreadHierarchicalTestExecutorService.java:38)
	at org.junit.platform.engine.support.hierarchical.NodeTestTask.lambda$executeRecursively$5(NodeTestTask.java:143)
	at org.junit.platform.engine.support.hierarchical.ThrowableCollector.execute(ThrowableCollector.java:73)
	at org.junit.platform.engine.support.hierarchical.NodeTestTask.lambda$executeRecursively$7(NodeTestTask.java:129)
	at org.junit.platform.engine.support.hierarchical.Node.around(Node.java:137)
	at org.junit.platform.engine.support.hierarchical.NodeTestTask.lambda$executeRecursively$8(NodeTestTask.java:127)
	at org.junit.platform.engine.support.hierarchical.ThrowableCollector.execute(ThrowableCollector.java:73)
	at org.junit.platform.engine.support.hierarchical.NodeTestTask.executeRecursively(NodeTestTask.java:126)
	at org.junit.platform.engine.support.hierarchical.NodeTestTask.execute(NodeTestTask.java:84)
	at org.junit.platform.engine.support.hierarchical.SameThreadHierarchicalTestExecutorService.submit(SameThreadHierarchicalTestExecutorService.java:32)
	at org.junit.platform.engine.support.hierarchical.HierarchicalTestExecutor.execute(HierarchicalTestExecutor.java:57)
	at org.junit.platform.engine.support.hierarchical.HierarchicalTestEngine.execute(HierarchicalTestEngine.java:51)
	at org.junit.platform.launcher.core.EngineExecutionOrchestrator.execute(EngineExecutionOrchestrator.java:108)
	at org.junit.platform.launcher.core.EngineExecutionOrchestrator.execute(EngineExecutionOrchestrator.java:88)
	at org.junit.platform.launcher.core.EngineExecutionOrchestrator.lambda$execute$0(EngineExecutionOrchestrator.java:54)
	at org.junit.platform.launcher.core.EngineExecutionOrchestrator.withInterceptedStreams(EngineExecutionOrchestrator.java:67)
	at org.junit.platform.launcher.core.EngineExecutionOrchestrator.execute(EngineExecutionOrchestrator.java:52)
	at org.junit.platform.launcher.core.DefaultLauncher.execute(DefaultLauncher.java:96)
	at org.junit.platform.launcher.core.DefaultLauncher.execute(DefaultLauncher.java:75)
	at org.apache.maven.surefire.junitplatform.LazyLauncher.execute(LazyLauncher.java:50)
	at org.apache.maven.surefire.junitplatform.JUnitPlatformProvider.execute(JUnitPlatformProvider.java:184)
	at org.apache.maven.surefire.junitplatform.JUnitPlatformProvider.invokeAllTests(JUnitPlatformProvider.java:148)
	at org.apache.maven.surefire.junitplatform.JUnitPlatformProvider.invoke(JUnitPlatformProvider.java:122)
	at org.apache.maven.surefire.booter.ForkedBooter.runSuitesInProcess(ForkedBooter.java:385)
	at org.apache.maven.surefire.booter.ForkedBooter.execute(ForkedBooter.java:162)
	at org.apache.maven.surefire.booter.ForkedBooter.run(ForkedBooter.java:507)
	at org.apache.maven.surefire.booter.ForkedBooter.main(ForkedBooter.java:495)
]]></system-err>
  </testcase>
  <testcase name="testPickFields(String, Object, String, boolean, String)[13]" classname="com.picobase.core.logic.FieldsFilterProcessorTest" time="0.003">
    <system-out><![CDATA[解析后的值 : {"rel":{"title":"rel..."},"id":"12","title":"lo"}
]]></system-out>
  </testcase>
</testsuite>